<?xml version="1.0" encoding="UTF-8"?>
<Site BuildName="(empty)"
	BuildStamp="20220425-1405-Experimental"
	Name="(empty)"
	Generator="ctest-3.23.1"
	CompilerName=""
	CompilerVersion=""
	OSName="Linux"
	Hostname="user-VirtualBox"
	OSRelease="5.13.0-40-generic"
	OSVersion="#45~20.04.1-Ubuntu SMP Mon Apr 4 09:38:31 UTC 2022"
	OSPlatform="x86_64"
	Is64Bits="1"
	VendorString="GenuineIntel"
	VendorID="Intel Corporation"
	FamilyID="6"
	ModelID="158"
	ProcessorCacheSize="9216"
	NumberOfLogicalCPU="1"
	NumberOfPhysicalCPU="1"
	TotalVirtualMemory="1401"
	TotalPhysicalMemory="2934"
	LogicalProcessorsPerPhysical="1"
	ProcessorClockFrequency="3696.01"
	>
	<Testing>
		<StartDateTime>Apr 25 17:13 MSK</StartDateTime>
		<StartTestTime>1650896037</StartTestTime>
		<TestList>
			<Test>./project/tests/BaseTest</Test>
			<Test>./project/tests/ExtraTest</Test>
		</TestList>
		<Test Status="passed">
			<Name>BaseTest</Name>
			<Path>./project/tests</Path>
			<FullName>./project/tests/BaseTest</FullName>
			<FullCommandLine>/home/user/Документы/TechDir/MyHomework/Homework-1/build/project/tests/tests "/home/user/Документы/TechDir/MyHomework/Homework-1/project/tests/data" "--gtest_filter=-*Extra*"</FullCommandLine>
			<Results>
				<NamedMeasurement type="numeric/double" name="Execution Time">
					<Value>0.0404137</Value>
				</NamedMeasurement>
				<NamedMeasurement type="numeric/double" name="Processors">
					<Value>1</Value>
				</NamedMeasurement>
				<NamedMeasurement type="text/string" name="Completion Status">
					<Value>Completed</Value>
				</NamedMeasurement>
				<NamedMeasurement type="text/string" name="Command Line">
					<Value>/home/user/Документы/TechDir/MyHomework/Homework-1/build/project/tests/tests "/home/user/Документы/TechDir/MyHomework/Homework-1/project/tests/data" "--gtest_filter=-*Extra*"</Value>
				</NamedMeasurement>
				<NamedMeasurement type="text/string" name="Environment">
					<Value>#CTEST_RESOURCE_GROUP_COUNT=</Value>
				</NamedMeasurement>
				<Measurement>
					<Value encoding="base64" compression="gzip">eJy9lL9OwzAQxvc8xYmJIjVuEWJA6lD+FCREkWiZqqoy7rUxJL7IvkC7wsjKq7Ag4BnSN8JNoFJBgkzcElv+ffddzjp3iXEPjommMUIfHcNEx4wWWlDfOpqxlVvBoLWKIVxkxmgzheYusMcdTCwlsFNswGXaf8NgUF/FEI5jupJxCaC51ZZMgsbDyPUs/QavZT2TbPVsXzrsLRMHA7i47EIRw++H4YFFyZpMxys7OsZgQ0SUoMgcWpE/5e/5y+Ihf82f87fF/eJR9FFFh9qKs/mJx+7I3oivRb0pUkvXqFgU1YixZCmSwnCkPn2E8tajRsgz3vgfr2bpNSg7AOenFboAmw1IXK1663rKSlZRdZdPQSWjoxiXV99WCp373WINrfYXlM7bzump+aP4FVcpbY/J4u8ZC6RijUkqLXZx+leNX9wqbdUpKQXAxDKuBeu67R+6MAyDfoRgl9NJE2C/LiaVMk4zhjvp/FlCtzgGp41C0H6KZwpx7Eo48tKI4vFS3Wxs78DVvHgDPgDa3XjX====</Value>
				</Measurement>
			</Results>
		</Test>
		<Test Status="passed">
			<Name>ExtraTest</Name>
			<Path>./project/tests</Path>
			<FullName>./project/tests/ExtraTest</FullName>
			<FullCommandLine>/home/user/Документы/TechDir/MyHomework/Homework-1/build/project/tests/tests "/home/user/Документы/TechDir/MyHomework/Homework-1/project/tests/data" "--gtest_filter=*Extra*"</FullCommandLine>
			<Results>
				<NamedMeasurement type="numeric/double" name="Execution Time">
					<Value>65.5786</Value>
				</NamedMeasurement>
				<NamedMeasurement type="numeric/double" name="Processors">
					<Value>1</Value>
				</NamedMeasurement>
				<NamedMeasurement type="text/string" name="Completion Status">
					<Value>Completed</Value>
				</NamedMeasurement>
				<NamedMeasurement type="text/string" name="Command Line">
					<Value>/home/user/Документы/TechDir/MyHomework/Homework-1/build/project/tests/tests "/home/user/Документы/TechDir/MyHomework/Homework-1/project/tests/data" "--gtest_filter=*Extra*"</Value>
				</NamedMeasurement>
				<NamedMeasurement type="text/string" name="Environment">
					<Value>#CTEST_RESOURCE_GROUP_COUNT=</Value>
				</NamedMeasurement>
				<Measurement>
					<Value encoding="base64" compression="gzip">eJy1lMtKw0AUhvd5ioOrKjTTq1WhC0GpIlaodVVKGZPTJjWZKTMnvWx16dZXcSPqM6Rv5GmKouKlXfRfTGbIf/75COekqQkPoKH1IEJooyXohxGhgTrsHE/JyB2nU/9QF1qJUqEawB4Qmy30jY6hlB3AJiE/XaeT/1AXGpG+ltHSgGocGq1iVGxGyiejb+by59RzSSac8hpkIJeLdKcDrasmZOr+6HCPkJwtEegYRWLRiPQhfU2f5nfpc/qYvsxv5/eijV5wFBpxPjth20SbG/G+yRfFyOgheiQyFOFLkiLOLur5SMKTFnuFLQZZ6uLsDxDIVSqVfYjt9grgh/5wU+DSH64BziAMXiuXqyuSn6rxpshDNV6DnEEgVyzXqoUl+Vq9BbndKosrgTTJaNv5GlD9I6CJg//78920yRbFxUU9hQNheUyTSBqXpvT7t3Nd12kHCGYxn7oPxPtsVnVCo4RgIi2/i/UYfeBEDyHkOZ56iL5dmgMuDXTkL6qLhVIFrmfZX+ANyQiNbw==</Value>
				</Measurement>
			</Results>
		</Test>
		<EndDateTime>Apr 25 17:15 MSK</EndDateTime>
		<EndTestTime>1650896103</EndTestTime>
		<ElapsedMinutes>1</ElapsedMinutes>
	</Testing>
</Site>
